<?xml version="1.0" encoding="UTF-8"?>
<testsuite xmlns:xsi="http://www.w3.org/2001/XMLSchema-instance" xsi:noNamespaceSchemaLocation="https://maven.apache.org/surefire/maven-surefire-plugin/xsd/surefire-test-report.xsd" name="TestSuite" time="4.554" tests="2" errors="0" skipped="0" failures="0">
  <properties>
    <property name="gopherProxySet" value="false"/>
    <property name="awt.toolkit" value="sun.lwawt.macosx.LWCToolkit"/>
    <property name="java.specification.version" value="11"/>
    <property name="sun.cpu.isalist" value=""/>
    <property name="sun.jnu.encoding" value="UTF-8"/>
    <property name="java.class.path" value="/Users/dev/Downloads/apache-maven-3.6.3/boot/plexus-classworlds-2.6.0.jar"/>
    <property name="java.vm.vendor" value="Oracle Corporation"/>
    <property name="sun.arch.data.model" value="64"/>
    <property name="java.vendor.url" value="https://openjdk.java.net/"/>
    <property name="user.timezone" value="Asia/Dubai"/>
    <property name="maven.conf" value="/Users/dev/Downloads/apache-maven-3.6.3/conf"/>
    <property name="os.name" value="Mac OS X"/>
    <property name="java.vm.specification.version" value="11"/>
    <property name="sun.java.launcher" value="SUN_STANDARD"/>
    <property name="user.country" value="AE"/>
    <property name="sun.boot.library.path" value="/Library/Java/JavaVirtualMachines/jdk-11.0.17.jdk/Contents/Home/lib"/>
    <property name="sun.java.command" value="org.codehaus.plexus.classworlds.launcher.Launcher clean install"/>
    <property name="http.nonProxyHosts" value="local|*.local|169.254/16|*.169.254/16"/>
    <property name="jdk.debug" value="release"/>
    <property name="maven.home" value="/Users/dev/Downloads/apache-maven-3.6.3"/>
    <property name="surefire.test.class.path" value="/Users/dev/Desktop/Dev/Ankita/DevHyke/APIAutomationFramework/target/test-classes:/Users/dev/Desktop/Dev/Ankita/DevHyke/APIAutomationFramework/target/classes:/Users/dev/.m2/repository/io/rest-assured/rest-assured/3.0.3/rest-assured-3.0.3.jar:/Users/dev/.m2/repository/org/codehaus/groovy/groovy/2.4.9/groovy-2.4.9.jar:/Users/dev/.m2/repository/org/codehaus/groovy/groovy-xml/2.4.9/groovy-xml-2.4.9.jar:/Users/dev/.m2/repository/org/apache/httpcomponents/httpmime/4.5.1/httpmime-4.5.1.jar:/Users/dev/.m2/repository/org/hamcrest/hamcrest-core/1.3/hamcrest-core-1.3.jar:/Users/dev/.m2/repository/org/hamcrest/hamcrest-library/1.3/hamcrest-library-1.3.jar:/Users/dev/.m2/repository/org/ccil/cowan/tagsoup/tagsoup/1.2.1/tagsoup-1.2.1.jar:/Users/dev/.m2/repository/io/rest-assured/json-path/3.0.3/json-path-3.0.3.jar:/Users/dev/.m2/repository/org/codehaus/groovy/groovy-json/2.4.9/groovy-json-2.4.9.jar:/Users/dev/.m2/repository/io/rest-assured/rest-assured-common/3.0.3/rest-assured-common-3.0.3.jar:/Users/dev/.m2/repository/io/rest-assured/xml-path/3.0.3/xml-path-3.0.3.jar:/Users/dev/.m2/repository/com/google/code/gson/gson/2.8.5/gson-2.8.5.jar:/Users/dev/.m2/repository/org/testng/testng/7.3.0/testng-7.3.0.jar:/Users/dev/.m2/repository/com/beust/jcommander/1.78/jcommander-1.78.jar:/Users/dev/.m2/repository/org/apache/ant/ant/1.10.3/ant-1.10.3.jar:/Users/dev/.m2/repository/org/apache/ant/ant-launcher/1.10.3/ant-launcher-1.10.3.jar:/Users/dev/.m2/repository/junit/junit/4.12/junit-4.12.jar:/Users/dev/.m2/repository/com/google/inject/guice/4.2.2/guice-4.2.2-no_aop.jar:/Users/dev/.m2/repository/javax/inject/javax.inject/1/javax.inject-1.jar:/Users/dev/.m2/repository/aopalliance/aopalliance/1.0/aopalliance-1.0.jar:/Users/dev/.m2/repository/com/google/guava/guava/25.1-android/guava-25.1-android.jar:/Users/dev/.m2/repository/com/google/code/findbugs/jsr305/3.0.2/jsr305-3.0.2.jar:/Users/dev/.m2/repository/org/checkerframework/checker-compat-qual/2.0.0/checker-compat-qual-2.0.0.jar:/Users/dev/.m2/repository/com/google/errorprone/error_prone_annotations/2.1.3/error_prone_annotations-2.1.3.jar:/Users/dev/.m2/repository/com/google/j2objc/j2objc-annotations/1.1/j2objc-annotations-1.1.jar:/Users/dev/.m2/repository/org/codehaus/mojo/animal-sniffer-annotations/1.14/animal-sniffer-annotations-1.14.jar:/Users/dev/.m2/repository/org/yaml/snakeyaml/1.21/snakeyaml-1.21.jar:/Users/dev/.m2/repository/org/apache/poi/poi/3.17/poi-3.17.jar:/Users/dev/.m2/repository/commons-codec/commons-codec/1.10/commons-codec-1.10.jar:/Users/dev/.m2/repository/org/apache/commons/commons-collections4/4.1/commons-collections4-4.1.jar:/Users/dev/.m2/repository/org/apache/poi/poi-ooxml/3.17/poi-ooxml-3.17.jar:/Users/dev/.m2/repository/org/apache/poi/poi-ooxml-schemas/3.17/poi-ooxml-schemas-3.17.jar:/Users/dev/.m2/repository/org/apache/xmlbeans/xmlbeans/2.6.0/xmlbeans-2.6.0.jar:/Users/dev/.m2/repository/stax/stax-api/1.0.1/stax-api-1.0.1.jar:/Users/dev/.m2/repository/com/github/virtuald/curvesapi/1.04/curvesapi-1.04.jar:/Users/dev/.m2/repository/org/json/json/20131018/json-20131018.jar:/Users/dev/.m2/repository/javax/xml/bind/jaxb-api/2.2.11/jaxb-api-2.2.11.jar:/Users/dev/.m2/repository/com/sun/xml/bind/jaxb-core/2.2.11/jaxb-core-2.2.11.jar:/Users/dev/.m2/repository/com/sun/xml/bind/jaxb-impl/2.2.11/jaxb-impl-2.2.11.jar:/Users/dev/.m2/repository/org/apache/httpcomponents/httpclient/4.5.3/httpclient-4.5.3.jar:/Users/dev/.m2/repository/org/apache/httpcomponents/httpcore/4.4.6/httpcore-4.4.6.jar:/Users/dev/.m2/repository/commons-logging/commons-logging/1.2/commons-logging-1.2.jar:/Users/dev/.m2/repository/mysql/mysql-connector-java/8.0.11/mysql-connector-java-8.0.11.jar:/Users/dev/.m2/repository/com/google/protobuf/protobuf-java/2.6.0/protobuf-java-2.6.0.jar:/Users/dev/.m2/repository/commons-dbutils/commons-dbutils/1.6/commons-dbutils-1.6.jar:/Users/dev/.m2/repository/org/awaitility/awaitility/3.0.0/awaitility-3.0.0.jar:/Users/dev/.m2/repository/org/objenesis/objenesis/2.5.1/objenesis-2.5.1.jar:/Users/dev/.m2/repository/org/bouncycastle/bcprov-jdk15on/1.56/bcprov-jdk15on-1.56.jar:/Users/dev/.m2/repository/org/bouncycastle/bcpkix-jdk15on/1.56/bcpkix-jdk15on-1.56.jar:/Users/dev/.m2/repository/com/fasterxml/jackson/core/jackson-annotations/2.9.5/jackson-annotations-2.9.5.jar:/Users/dev/.m2/repository/com/fasterxml/jackson/module/jackson-module-kotlin/2.9.5/jackson-module-kotlin-2.9.5.jar:/Users/dev/.m2/repository/org/jetbrains/kotlin/kotlin-reflect/1.2.21/kotlin-reflect-1.2.21.jar:/Users/dev/.m2/repository/org/jetbrains/kotlin/kotlin-stdlib/1.2.21/kotlin-stdlib-1.2.21.jar:/Users/dev/.m2/repository/org/jetbrains/annotations/13.0/annotations-13.0.jar:/Users/dev/.m2/repository/com/fasterxml/jackson/core/jackson-databind/2.9.5/jackson-databind-2.9.5.jar:/Users/dev/.m2/repository/com/fasterxml/jackson/core/jackson-core/2.9.5/jackson-core-2.9.5.jar:/Users/dev/.m2/repository/com/fasterxml/jackson/datatype/jackson-datatype-jsr310/2.9.5/jackson-datatype-jsr310-2.9.5.jar:/Users/dev/.m2/repository/com/opencsv/opencsv/4.1/opencsv-4.1.jar:/Users/dev/.m2/repository/org/apache/commons/commons-lang3/3.6/commons-lang3-3.6.jar:/Users/dev/.m2/repository/org/apache/commons/commons-text/1.1/commons-text-1.1.jar:/Users/dev/.m2/repository/commons-beanutils/commons-beanutils/1.9.3/commons-beanutils-1.9.3.jar:/Users/dev/.m2/repository/commons-collections/commons-collections/3.2.2/commons-collections-3.2.2.jar:/Users/dev/.m2/repository/com/aventstack/extentreports/3.1.3/extentreports-3.1.3.jar:/Users/dev/.m2/repository/org/freemarker/freemarker/2.3.23/freemarker-2.3.23.jar:/Users/dev/.m2/repository/org/mongodb/mongodb-driver/3.3.0/mongodb-driver-3.3.0.jar:/Users/dev/.m2/repository/org/mongodb/bson/3.3.0/bson-3.3.0.jar:/Users/dev/.m2/repository/org/mongodb/mongodb-driver-core/3.3.0/mongodb-driver-core-3.3.0.jar:/Users/dev/.m2/repository/org/jsoup/jsoup/1.9.2/jsoup-1.9.2.jar:/Users/dev/.m2/repository/commons-io/commons-io/2.6/commons-io-2.6.jar:/Users/dev/.m2/repository/javax/mail/mail/1.4/mail-1.4.jar:/Users/dev/.m2/repository/javax/activation/activation/1.1/activation-1.1.jar:/Users/dev/.m2/repository/com/jayway/restassured/rest-assured/2.9.0/rest-assured-2.9.0.jar:/Users/dev/.m2/repository/com/jayway/restassured/json-path/2.9.0/json-path-2.9.0.jar:/Users/dev/.m2/repository/com/jayway/restassured/rest-assured-common/2.9.0/rest-assured-common-2.9.0.jar:/Users/dev/.m2/repository/com/jayway/restassured/xml-path/2.9.0/xml-path-2.9.0.jar:/Users/dev/.m2/repository/commons-configuration/commons-configuration/1.10/commons-configuration-1.10.jar:/Users/dev/.m2/repository/commons-lang/commons-lang/2.6/commons-lang-2.6.jar:/Users/dev/.m2/repository/org/projectlombok/lombok/1.18.20/lombok-1.18.20.jar:/Users/dev/.m2/repository/org/jodconverter/jodconverter-local/4.2.2/jodconverter-local-4.2.2.jar:/Users/dev/.m2/repository/org/openoffice/juh/4.1.2/juh-4.1.2.jar:/Users/dev/.m2/repository/org/openoffice/jurt/4.1.2/jurt-4.1.2.jar:/Users/dev/.m2/repository/org/openoffice/ridl/4.1.2/ridl-4.1.2.jar:/Users/dev/.m2/repository/org/openoffice/unoil/4.1.2/unoil-4.1.2.jar:/Users/dev/.m2/repository/org/slf4j/slf4j-api/1.7.25/slf4j-api-1.7.25.jar:/Users/dev/.m2/repository/org/jodconverter/jodconverter-core/4.2.2/jodconverter-core-4.2.2.jar:/Users/dev/.m2/repository/de/redsix/pdfcompare/1.1.61/pdfcompare-1.1.61.jar:/Users/dev/.m2/repository/org/apache/pdfbox/pdfbox/2.0.25/pdfbox-2.0.25.jar:/Users/dev/.m2/repository/org/apache/pdfbox/fontbox/2.0.25/fontbox-2.0.25.jar:/Users/dev/.m2/repository/com/typesafe/config/1.4.2/config-1.4.2.jar:/Users/dev/.m2/repository/ch/qos/logback/logback-classic/1.2.10/logback-classic-1.2.10.jar:/Users/dev/.m2/repository/ch/qos/logback/logback-core/1.2.10/logback-core-1.2.10.jar:/Users/dev/.m2/repository/commons-cli/commons-cli/1.5.0/commons-cli-1.5.0.jar:"/>
    <property name="sun.cpu.endian" value="little"/>
    <property name="user.home" value="/Users/dev"/>
    <property name="user.language" value="en"/>
    <property name="java.specification.vendor" value="Oracle Corporation"/>
    <property name="java.version.date" value="2022-10-18"/>
    <property name="java.home" value="/Library/Java/JavaVirtualMachines/jdk-11.0.17.jdk/Contents/Home"/>
    <property name="file.separator" value="/"/>
    <property name="basedir" value="/Users/dev/Desktop/Dev/Ankita/DevHyke/APIAutomationFramework"/>
    <property name="java.vm.compressedOopsMode" value="Zero based"/>
    <property name="line.separator" value="&#10;"/>
    <property name="java.specification.name" value="Java Platform API Specification"/>
    <property name="java.vm.specification.vendor" value="Oracle Corporation"/>
    <property name="java.awt.graphicsenv" value="sun.awt.CGraphicsEnvironment"/>
    <property name="sun.management.compiler" value="HotSpot 64-Bit Tiered Compilers"/>
    <property name="ftp.nonProxyHosts" value="local|*.local|169.254/16|*.169.254/16"/>
    <property name="java.runtime.version" value="11.0.17+10-LTS-269"/>
    <property name="user.name" value="dev"/>
    <property name="path.separator" value=":"/>
    <property name="os.version" value="13.1"/>
    <property name="java.runtime.name" value="Java(TM) SE Runtime Environment"/>
    <property name="file.encoding" value="US-ASCII"/>
    <property name="guice.disable.misplaced.annotation.check" value="true"/>
    <property name="java.vm.name" value="Java HotSpot(TM) 64-Bit Server VM"/>
    <property name="java.vendor.version" value="18.9"/>
    <property name="localRepository" value="/Users/dev/.m2/repository"/>
    <property name="java.vendor.url.bug" value="https://bugreport.java.com/bugreport/"/>
    <property name="java.io.tmpdir" value="/var/folders/12/6tgms84j2z12q4m2n1kcqfb80000gp/T/"/>
    <property name="java.version" value="11.0.17"/>
    <property name="user.dir" value="/Users/dev/Desktop/Dev/Ankita/DevHyke/APIAutomationFramework"/>
    <property name="os.arch" value="x86_64"/>
    <property name="maven.multiModuleProjectDirectory" value="/Users/dev/Desktop/Dev/Ankita/DevHyke/APIAutomationFramework"/>
    <property name="java.vm.specification.name" value="Java Virtual Machine Specification"/>
    <property name="java.awt.printerjob" value="sun.lwawt.macosx.CPrinterJob"/>
    <property name="sun.os.patch.level" value="unknown"/>
    <property name="java.library.path" value="/Users/dev/Library/Java/Extensions:/Library/Java/Extensions:/Network/Library/Java/Extensions:/System/Library/Java/Extensions:/usr/lib/java:."/>
    <property name="java.vendor" value="Oracle Corporation"/>
    <property name="java.vm.info" value="mixed mode"/>
    <property name="java.vm.version" value="11.0.17+10-LTS-269"/>
    <property name="classworlds.conf" value="/Users/dev/Downloads/apache-maven-3.6.3/bin/m2.conf"/>
    <property name="sun.io.unicode.encoding" value="UnicodeBig"/>
    <property name="library.jansi.path" value="/Users/dev/Downloads/apache-maven-3.6.3/lib/jansi-native"/>
    <property name="java.class.version" value="55.0"/>
    <property name="socksNonProxyHosts" value="local|*.local|169.254/16|*.169.254/16"/>
  </properties>
  <testcase name="verifyCreateBooking" classname="com.rest.api.automation.bookings.CreateBookingSuccessScenariosTest" time="2.459"/>
  <testcase name="verifyGetBookingDetails" classname="com.rest.api.automation.bookings.GetBookingDetailsSuccessScenariosTest" time="1.384"/>
</testsuite>