<?xml version="1.0" encoding="UTF-8"?>
<!-- Generated by org.testng.reporters.JUnitReportReporter -->
<testsuite hostname="Diceteks-MacBook-Pro-5.local" failures="0" tests="1" name="com.rest.api.automation.bookings.GetBookingDetailsSuccessScenariosTest" time="1.385" errors="0" timestamp="2023-02-25T15:42:17 GST" skipped="0">
  <testcase classname="com.rest.api.automation.bookings.GetBookingDetailsSuccessScenariosTest" name="verifyGetBookingDetails" time="1.385"/>
  <system-out/>
</testsuite> <!-- com.rest.api.automation.bookings.GetBookingDetailsSuccessScenariosTest -->
